e:\visual studio\thuvien\thuvien\debug\vc141.pdb
e:\visual studio\thuvien\thuvien\debug\vc141.idb
e:\visual studio\thuvien\thuvien\debug\tools.obj
e:\visual studio\thuvien\thuvien\debug\thuvien.obj
e:\visual studio\thuvien\thuvien\debug\thoigian.obj
e:\visual studio\thuvien\thuvien\debug\sachngoai.obj
e:\visual studio\thuvien\thuvien\debug\sach.obj
e:\visual studio\thuvien\thuvien\debug\phieu.obj
e:\visual studio\thuvien\thuvien\debug\dssachviet.obj
e:\visual studio\thuvien\thuvien\debug\dssachngoai.obj
e:\visual studio\thuvien\thuvien\debug\dsphieu.obj
e:\visual studio\thuvien\thuvien\debug\dsdocgia.obj
e:\visual studio\thuvien\thuvien\debug\docgia.obj
e:\visual studio\thuvien\thuvien\debug\danhsach.obj
e:\visual studio\thuvien\thuvien\debug\main.obj
e:\visual studio\thuvien\debug\thuvien.exe
e:\visual studio\thuvien\debug\thuvien.ilk
e:\visual studio\thuvien\debug\thuvien.pdb
e:\visual studio\thuvien\thuvien\debug\thuvien.tlog\cl.command.1.tlog
e:\visual studio\thuvien\thuvien\debug\thuvien.tlog\cl.read.1.tlog
e:\visual studio\thuvien\thuvien\debug\thuvien.tlog\cl.write.1.tlog
e:\visual studio\thuvien\thuvien\debug\thuvien.tlog\link.command.1.tlog
e:\visual studio\thuvien\thuvien\debug\thuvien.tlog\link.read.1.tlog
e:\visual studio\thuvien\thuvien\debug\thuvien.tlog\link.write.1.tlog
