e:\visual studio\thuvien\thuvien\release\vc141.pdb
e:\visual studio\thuvien\thuvien\release\tools.obj
e:\visual studio\thuvien\thuvien\release\thuvien.obj
e:\visual studio\thuvien\thuvien\release\thoigian.obj
e:\visual studio\thuvien\thuvien\release\sachngoai.obj
e:\visual studio\thuvien\thuvien\release\sach.obj
e:\visual studio\thuvien\thuvien\release\phieu.obj
e:\visual studio\thuvien\thuvien\release\main.obj
e:\visual studio\thuvien\thuvien\release\dssachviet.obj
e:\visual studio\thuvien\thuvien\release\dssachngoai.obj
e:\visual studio\thuvien\thuvien\release\dsphieu.obj
e:\visual studio\thuvien\thuvien\release\dsdocgia.obj
e:\visual studio\thuvien\thuvien\release\docgia.obj
e:\visual studio\thuvien\thuvien\release\danhsach.obj
e:\visual studio\thuvien\release\thuvien.exe
e:\visual studio\thuvien\release\thuvien.pdb
e:\visual studio\thuvien\release\thuvien.ipdb
e:\visual studio\thuvien\release\thuvien.iobj
e:\visual studio\thuvien\thuvien\release\thuvien.tlog\cl.command.1.tlog
e:\visual studio\thuvien\thuvien\release\thuvien.tlog\cl.read.1.tlog
e:\visual studio\thuvien\thuvien\release\thuvien.tlog\cl.write.1.tlog
e:\visual studio\thuvien\thuvien\release\thuvien.tlog\link.command.1.tlog
e:\visual studio\thuvien\thuvien\release\thuvien.tlog\link.read.1.tlog
e:\visual studio\thuvien\thuvien\release\thuvien.tlog\link.write.1.tlog
e:\visual studio\thuvien\thuvien\release\thuvien.tlog\thuvien.write.1u.tlog
